<?xml version="1.0" encoding="UTF-8"?>
<!-- Generated by org.testng.reporters.JUnitReportReporter -->
<testsuite hostname="DESKTOP-RKANJTO" failures="0" tests="2" name="Neil.ErrorValidations" time="21.083" errors="0" timestamp="2025-01-16T11:22:24 IST" skipped="0">
  <testcase classname="Neil.ErrorValidations" name="productErrorValidation" time="17.469"/>
  <system-out/>
  <testcase classname="Neil.ErrorValidations" name="loginErrorValidation" time="3.614"/>
  <system-out/>
</testsuite> <!-- Neil.ErrorValidations -->
