<?xml version="1.0" encoding="UTF-8"?>
<!-- Generated by org.testng.reporters.JUnitReportReporter -->
<testsuite hostname="DESKTOP-RKANJTO" failures="0" tests="1" name="Neil.Standalone2" time="18.686" errors="0" timestamp="2025-01-15T23:21:38 IST" skipped="0">
  <testcase classname="Neil.Standalone2" name="placeOrder" time="18.686"/>
  <system-out/>
</testsuite> <!-- Neil.Standalone2 -->
