<?xml version="1.0" encoding="UTF-8"?>
<!-- Generated by org.testng.reporters.JUnitReportReporter -->
<testsuite hostname="DESKTOP-RKANJTO" failures="0" tests="1" name="Cucumber.TestNgTestRunner" time="22.787" errors="0" timestamp="2025-01-29T18:09:02 IST" skipped="0">
  <testcase classname="Cucumber.TestNgTestRunner" name="runScenario" time="22.787"/>
  <system-out/>
</testsuite> <!-- Cucumber.TestNgTestRunner -->
