<?xml version="1.0" encoding="UTF-8"?>
<!-- Generated by org.testng.reporters.JUnitReportReporter -->
<testsuite hostname="DESKTOP-RKANJTO" failures="0" tests="2" name="Neil.PlaceOrderTestCase" time="26.326" errors="0" timestamp="2025-01-29T14:19:13 IST" skipped="0">
  <testcase classname="Neil.PlaceOrderTestCase" name="orderHistory" time="6.470"/>
  <system-out/>
  <testcase classname="Neil.PlaceOrderTestCase" name="placeOrder" time="19.856"/>
  <system-out/>
</testsuite> <!-- Neil.PlaceOrderTestCase -->
