<?xml version="1.0" encoding="UTF-8"?>
<!-- Generated by org.testng.reporters.JUnitReportReporter -->
<testsuite hostname="DESKTOP-RKANJTO" failures="0" tests="1" name="Neil.BritInsuranceTestCase" time="12.953" errors="0" timestamp="2025-02-14T23:26:39 IST" skipped="0">
  <testcase classname="Neil.BritInsuranceTestCase" name="britInsurance" time="12.953"/>
  <system-out/>
</testsuite> <!-- Neil.BritInsuranceTestCase -->
