<?xml version="1.0" encoding="UTF-8"?>
<!-- Generated by org.testng.reporters.JUnitReportReporter -->
<testsuite hostname="DESKTOP-RKANJTO" failures="0" tests="2" name="Neil.ErrorValidationsTestCase" time="20.799" errors="0" timestamp="2025-01-29T14:19:13 IST" skipped="0">
  <testcase classname="Neil.ErrorValidationsTestCase" name="productErrorValidation" time="17.150"/>
  <system-out/>
  <testcase classname="Neil.ErrorValidationsTestCase" name="loginErrorValidation" time="3.649"/>
  <system-out/>
</testsuite> <!-- Neil.ErrorValidationsTestCase -->
