<?xml version="1.0" encoding="UTF-8"?>
<!-- Generated by org.testng.reporters.JUnitReportReporter -->
<testsuite hostname="DESKTOP-RKANJTO" failures="0" tests="2" name="Neil.PlaceOrderTestCase" time="26.428" errors="0" timestamp="2025-01-30T12:40:09 IST" skipped="0">
  <testcase classname="Neil.PlaceOrderTestCase" name="placeOrder" time="20.886"/>
  <system-out/>
  <testcase classname="Neil.PlaceOrderTestCase" name="orderHistory" time="5.542"/>
  <system-out/>
</testsuite> <!-- Neil.PlaceOrderTestCase -->
