<?xml version="1.0" encoding="UTF-8"?>
<!-- Generated by org.testng.reporters.JUnitReportReporter -->
<testsuite hostname="DESKTOP-RKANJTO" failures="0" tests="1" name="Cucumber.TestNgTestRunner" time="20.120" errors="0" timestamp="2025-01-30T13:50:51 IST" skipped="0">
  <testcase classname="Cucumber.TestNgTestRunner" name="runScenario" time="20.120"/>
  <system-out/>
</testsuite> <!-- Cucumber.TestNgTestRunner -->
