<?xml version="1.0" encoding="UTF-8"?>
<!-- Generated by org.testng.reporters.JUnitReportReporter -->
<testsuite hostname="DESKTOP-RKANJTO" failures="0" tests="2" name="Neil.ErrorValidationsTestCase" time="26.188" errors="0" timestamp="2025-01-30T12:40:09 IST" skipped="0">
  <testcase classname="Neil.ErrorValidationsTestCase" name="productErrorValidation" time="20.987"/>
  <system-out/>
  <testcase classname="Neil.ErrorValidationsTestCase" name="loginErrorValidation" time="5.201"/>
  <system-out/>
</testsuite> <!-- Neil.ErrorValidationsTestCase -->
