<?xml version="1.0" encoding="UTF-8"?>
<!-- Generated by org.testng.reporters.JUnitReportReporter -->
<testsuite hostname="DESKTOP-RKANJTO" failures="0" tests="2" name="Neil.PlaceOrderTestCase" time="21.943" errors="0" timestamp="2025-01-24T15:21:41 IST" skipped="0">
  <testcase classname="Neil.PlaceOrderTestCase" name="placeOrder" time="19.465"/>
  <system-out/>
  <testcase classname="Neil.PlaceOrderTestCase" name="orderHistory" time="2.478"/>
  <system-out/>
</testsuite> <!-- Neil.PlaceOrderTestCase -->
