<?xml version="1.0" encoding="UTF-8"?>
<!-- Generated by org.testng.reporters.JUnitReportReporter -->
<testsuite hostname="DESKTOP-RKANJTO" failures="0" tests="2" name="Neil.ErrorValidationsTestCase" time="18.431" errors="0" timestamp="2025-01-24T15:21:41 IST" skipped="0">
  <testcase classname="Neil.ErrorValidationsTestCase" name="loginErrorValidation" time="2.018"/>
  <system-out/>
  <testcase classname="Neil.ErrorValidationsTestCase" name="productErrorValidation" time="16.413"/>
  <system-out/>
</testsuite> <!-- Neil.ErrorValidationsTestCase -->
